<?xml version="1.0" encoding="UTF-8"?>
<testsuite xmlns:xsi="http://www.w3.org/2001/XMLSchema-instance" xsi:noNamespaceSchemaLocation="https://maven.apache.org/surefire/maven-surefire-plugin/xsd/surefire-test-report-3.0.xsd" version="3.0" name="food.com.br.register.repository.UserRepositoryTest" time="2.792" tests="1" errors="0" skipped="0" failures="0">
  <properties>
[...]
</properties>
  <testcase name="shouldReturnUserForFieldLogin" classname="food.com.br.register.repository.UserRepositoryTest" time="0.419">
    <system-out><![CDATA[17:33:58.896 [main] INFO org.springframework.test.context.support.AnnotationConfigContextLoaderUtils -- Could not detect default configuration classes for test class [food.com.br.register.repository.UserRepositoryTest]: UserRepositoryTest does not declare any static, non-private, non-final, nested classes annotated with @Configuration.
17:33:58.955 [main] INFO org.springframework.boot.test.context.SpringBootTestContextBootstrapper -- Found @SpringBootConfiguration food.com.br.register.RegisterApplication for test class food.com.br.register.repository.UserRepositoryTest

  .   ____          _            __ _ _
 /\\ / ___'_ __ _ _(_)_ __  __ _ \ \ \ \
( ( )\___ | '_ | '_| | '_ \/ _` | \ \ \ \
 \\/  ___)| |_)| | | | | || (_| |  ) ) ) )
  '  |____| .__|_| |_|_| |_\__, | / / / /
 =========|_|==============|___/=/_/_/_/
 :: Spring Boot ::                (v3.1.8)

2024-02-29T17:33:59.148-03:00  INFO 7028 --- [           main] f.c.b.r.repository.UserRepositoryTest    : Starting UserRepositoryTest using Java 18.0.2-ea with PID 7028 (started by linux in /home/linux/projetos/lett/register)
2024-02-29T17:33:59.150-03:00  INFO 7028 --- [           main] f.c.b.r.repository.UserRepositoryTest    : The following 1 profile is active: "test"
2024-02-29T17:33:59.409-03:00  INFO 7028 --- [           main] .s.d.r.c.RepositoryConfigurationDelegate : Bootstrapping Spring Data JPA repositories in DEFAULT mode.
2024-02-29T17:33:59.442-03:00  INFO 7028 --- [           main] .s.d.r.c.RepositoryConfigurationDelegate : Finished Spring Data repository scanning in 29 ms. Found 2 JPA repository interfaces.
2024-02-29T17:33:59.624-03:00  INFO 7028 --- [           main] com.zaxxer.hikari.HikariDataSource       : HikariPool-1 - Starting...
2024-02-29T17:33:59.798-03:00  INFO 7028 --- [           main] com.zaxxer.hikari.pool.HikariPool        : HikariPool-1 - Added connection com.mysql.cj.jdbc.ConnectionImpl@29079032
2024-02-29T17:33:59.799-03:00  INFO 7028 --- [           main] com.zaxxer.hikari.HikariDataSource       : HikariPool-1 - Start completed.
2024-02-29T17:34:00.110-03:00  INFO 7028 --- [           main] liquibase.lockservice                    : Successfully acquired change log lock
2024-02-29T17:34:00.307-03:00  INFO 7028 --- [           main] liquibase.changelog                      : Reading from `food-register-test`.DATABASECHANGELOG
Database is up to date, no changesets to execute
2024-02-29T17:34:00.325-03:00  INFO 7028 --- [           main] liquibase.changelog                      : Reading from `food-register-test`.DATABASECHANGELOG
2024-02-29T17:34:00.328-03:00  INFO 7028 --- [           main] liquibase.util                           : UPDATE SUMMARY
2024-02-29T17:34:00.329-03:00  INFO 7028 --- [           main] liquibase.util                           : Run:                          0
2024-02-29T17:34:00.329-03:00  INFO 7028 --- [           main] liquibase.util                           : Previously run:               2
2024-02-29T17:34:00.329-03:00  INFO 7028 --- [           main] liquibase.util                           : Filtered out:                 0
2024-02-29T17:34:00.329-03:00  INFO 7028 --- [           main] liquibase.util                           : -------------------------------
2024-02-29T17:34:00.329-03:00  INFO 7028 --- [           main] liquibase.util                           : Total change sets:            2


UPDATE SUMMARY
Run:                          0
Previously run:               2
Filtered out:                 0
-------------------------------
Total change sets:            2

2024-02-29T17:34:00.330-03:00  INFO 7028 --- [           main] liquibase.util                           : Update summary generated
2024-02-29T17:34:00.334-03:00  INFO 7028 --- [           main] liquibase.lockservice                    : Successfully released change log lock
2024-02-29T17:34:00.336-03:00  INFO 7028 --- [           main] liquibase.lockservice                    : Successfully released change log lock
2024-02-29T17:34:00.338-03:00  INFO 7028 --- [           main] liquibase.command                        : Command execution complete
2024-02-29T17:34:00.392-03:00  INFO 7028 --- [           main] o.hibernate.jpa.internal.util.LogHelper  : HHH000204: Processing PersistenceUnitInfo [name: default]
2024-02-29T17:34:00.417-03:00  INFO 7028 --- [           main] org.hibernate.Version                    : HHH000412: Hibernate ORM core version 6.2.20.Final
2024-02-29T17:34:00.419-03:00  INFO 7028 --- [           main] org.hibernate.cfg.Environment            : HHH000406: Using bytecode reflection optimizer
2024-02-29T17:34:00.550-03:00  INFO 7028 --- [           main] o.s.o.j.p.SpringPersistenceUnitInfo      : No LoadTimeWeaver setup: ignoring JPA class transformer
2024-02-29T17:34:00.569-03:00  WARN 7028 --- [           main] org.hibernate.orm.deprecation            : HHH90000025: MySQL57Dialect does not need to be specified explicitly using 'hibernate.dialect' (remove the property setting and it will be selected by default)
2024-02-29T17:34:00.569-03:00  WARN 7028 --- [           main] org.hibernate.orm.deprecation            : HHH90000026: MySQL57Dialect has been deprecated; use org.hibernate.dialect.MySQLDialect instead
2024-02-29T17:34:00.968-03:00  INFO 7028 --- [           main] o.h.e.t.j.p.i.JtaPlatformInitiator       : HHH000489: No JTA platform available (set 'hibernate.transaction.jta.platform' to enable JTA platform integration)
2024-02-29T17:34:00.969-03:00  INFO 7028 --- [           main] j.LocalContainerEntityManagerFactoryBean : Initialized JPA EntityManagerFactory for persistence unit 'default'
2024-02-29T17:34:01.174-03:00  INFO 7028 --- [           main] f.c.b.r.repository.UserRepositoryTest    : Started UserRepositoryTest in 2.187 seconds (process running for 2.693)
Hibernate: insert into user (login,password) values (?,?)
Hibernate: select u1_0.id,u1_0.login,u1_0.password from user u1_0 where u1_0.login=?
]]></system-out>
  </testcase>
</testsuite>