<?xml version="1.0" encoding="UTF-8"?>
<testsuite xmlns:xsi="http://www.w3.org/2001/XMLSchema-instance" xsi:noNamespaceSchemaLocation="https://maven.apache.org/surefire/maven-surefire-plugin/xsd/surefire-test-report-3.0.xsd" version="3.0" name="food.com.br.register.RegisterApplicationTests" time="3.052" tests="1" errors="0" skipped="0" failures="0">
  <properties>
[...]
</properties>
  <testcase name="contextLoads" classname="food.com.br.register.RegisterApplicationTests" time="0.363">
    <system-out><![CDATA[14:10:06.193 [main] INFO org.springframework.test.context.support.AnnotationConfigContextLoaderUtils -- Could not detect default configuration classes for test class [food.com.br.register.RegisterApplicationTests]: RegisterApplicationTests does not declare any static, non-private, non-final, nested classes annotated with @Configuration.
14:10:06.249 [main] INFO org.springframework.boot.test.context.SpringBootTestContextBootstrapper -- Found @SpringBootConfiguration food.com.br.register.RegisterApplication for test class food.com.br.register.RegisterApplicationTests

  .   ____          _            __ _ _
 /\\ / ___'_ __ _ _(_)_ __  __ _ \ \ \ \
( ( )\___ | '_ | '_| | '_ \/ _` | \ \ \ \
 \\/  ___)| |_)| | | | | || (_| |  ) ) ) )
  '  |____| .__|_| |_|_| |_\__, | / / / /
 =========|_|==============|___/=/_/_/_/
 :: Spring Boot ::                (v3.1.8)

2024-02-02T14:10:06.445-03:00  INFO 26678 --- [           main] f.c.b.register.RegisterApplicationTests  : Starting RegisterApplicationTests using Java 18.0.2-ea with PID 26678 (started by linux in /home/linux/projetos/restaurante/register)
2024-02-02T14:10:06.446-03:00  INFO 26678 --- [           main] f.c.b.register.RegisterApplicationTests  : No active profile set, falling back to 1 default profile: "default"
2024-02-02T14:10:06.793-03:00  INFO 26678 --- [           main] .s.d.r.c.RepositoryConfigurationDelegate : Bootstrapping Spring Data JPA repositories in DEFAULT mode.
2024-02-02T14:10:06.823-03:00  INFO 26678 --- [           main] .s.d.r.c.RepositoryConfigurationDelegate : Finished Spring Data repository scanning in 25 ms. Found 1 JPA repository interface.
2024-02-02T14:10:07.037-03:00  INFO 26678 --- [           main] com.zaxxer.hikari.HikariDataSource       : HikariPool-1 - Starting...
2024-02-02T14:10:07.222-03:00  INFO 26678 --- [           main] com.zaxxer.hikari.pool.HikariPool        : HikariPool-1 - Added connection com.mysql.cj.jdbc.ConnectionImpl@d325518
2024-02-02T14:10:07.224-03:00  INFO 26678 --- [           main] com.zaxxer.hikari.HikariDataSource       : HikariPool-1 - Start completed.
2024-02-02T14:10:07.516-03:00  INFO 26678 --- [           main] liquibase.lockservice                    : Successfully acquired change log lock
2024-02-02T14:10:07.705-03:00  INFO 26678 --- [           main] liquibase.changelog                      : Reading from `food-register`.DATABASECHANGELOG
Database is up to date, no changesets to execute
2024-02-02T14:10:07.724-03:00  INFO 26678 --- [           main] liquibase.changelog                      : Reading from `food-register`.DATABASECHANGELOG
2024-02-02T14:10:07.726-03:00  INFO 26678 --- [           main] liquibase.util                           : UPDATE SUMMARY
2024-02-02T14:10:07.726-03:00  INFO 26678 --- [           main] liquibase.util                           : Run:                          0
2024-02-02T14:10:07.727-03:00  INFO 26678 --- [           main] liquibase.util                           : Previously run:               1
2024-02-02T14:10:07.727-03:00  INFO 26678 --- [           main] liquibase.util                           : Filtered out:                 0
2024-02-02T14:10:07.727-03:00  INFO 26678 --- [           main] liquibase.util                           : -------------------------------
2024-02-02T14:10:07.727-03:00  INFO 26678 --- [           main] liquibase.util                           : Total change sets:            1


UPDATE SUMMARY
Run:                          0
Previously run:               1
Filtered out:                 0
-------------------------------
Total change sets:            1

2024-02-02T14:10:07.727-03:00  INFO 26678 --- [           main] liquibase.util                           : Update summary generated
2024-02-02T14:10:07.733-03:00  INFO 26678 --- [           main] liquibase.lockservice                    : Successfully released change log lock
2024-02-02T14:10:07.734-03:00  INFO 26678 --- [           main] liquibase.lockservice                    : Successfully released change log lock
2024-02-02T14:10:07.735-03:00  INFO 26678 --- [           main] liquibase.command                        : Command execution complete
2024-02-02T14:10:07.801-03:00  INFO 26678 --- [           main] o.hibernate.jpa.internal.util.LogHelper  : HHH000204: Processing PersistenceUnitInfo [name: default]
2024-02-02T14:10:07.826-03:00  INFO 26678 --- [           main] org.hibernate.Version                    : HHH000412: Hibernate ORM core version 6.2.20.Final
2024-02-02T14:10:07.828-03:00  INFO 26678 --- [           main] org.hibernate.cfg.Environment            : HHH000406: Using bytecode reflection optimizer
2024-02-02T14:10:07.949-03:00  INFO 26678 --- [           main] o.s.o.j.p.SpringPersistenceUnitInfo      : No LoadTimeWeaver setup: ignoring JPA class transformer
2024-02-02T14:10:07.969-03:00  WARN 26678 --- [           main] org.hibernate.orm.deprecation            : HHH90000025: MySQL57Dialect does not need to be specified explicitly using 'hibernate.dialect' (remove the property setting and it will be selected by default)
2024-02-02T14:10:07.969-03:00  WARN 26678 --- [           main] org.hibernate.orm.deprecation            : HHH90000026: MySQL57Dialect has been deprecated; use org.hibernate.dialect.MySQLDialect instead
2024-02-02T14:10:08.316-03:00  INFO 26678 --- [           main] o.h.e.t.j.p.i.JtaPlatformInitiator       : HHH000489: No JTA platform available (set 'hibernate.transaction.jta.platform' to enable JTA platform integration)
2024-02-02T14:10:08.318-03:00  INFO 26678 --- [           main] j.LocalContainerEntityManagerFactoryBean : Initialized JPA EntityManagerFactory for persistence unit 'default'
2024-02-02T14:10:08.569-03:00  WARN 26678 --- [           main] JpaBaseConfiguration$JpaWebConfiguration : spring.jpa.open-in-view is enabled by default. Therefore, database queries may be performed during view rendering. Explicitly configure spring.jpa.open-in-view to disable this warning
2024-02-02T14:10:08.781-03:00  INFO 26678 --- [           main] f.c.b.register.RegisterApplicationTests  : Started RegisterApplicationTests in 2.463 seconds (process running for 2.974)
]]></system-out>
  </testcase>
</testsuite>