<?xml version="1.0" encoding="UTF-8"?>
<testsuite xmlns:xsi="http://www.w3.org/2001/XMLSchema-instance" xsi:noNamespaceSchemaLocation="https://maven.apache.org/surefire/maven-surefire-plugin/xsd/surefire-test-report-3.0.xsd" version="3.0" name="food.com.br.register.controller.ProductControllerTest" time="0.671" tests="4" errors="1" skipped="0" failures="0">
  <properties>
[...]
</properties>
  <testcase name="shouldSaveProductWithSuccess" classname="food.com.br.register.controller.ProductControllerTest" time="0.11">
    <system-out><![CDATA[2024-02-29T17:34:02.551-03:00  INFO 7028 --- [           main] t.c.s.AnnotationConfigContextLoaderUtils : Could not detect default configuration classes for test class [food.com.br.register.controller.ProductControllerTest]: ProductControllerTest does not declare any static, non-private, non-final, nested classes annotated with @Configuration.
2024-02-29T17:34:02.557-03:00  INFO 7028 --- [           main] .b.t.c.SpringBootTestContextBootstrapper : Found @SpringBootConfiguration food.com.br.register.RegisterApplication for test class food.com.br.register.controller.ProductControllerTest

  .   ____          _            __ _ _
 /\\ / ___'_ __ _ _(_)_ __  __ _ \ \ \ \
( ( )\___ | '_ | '_| | '_ \/ _` | \ \ \ \
 \\/  ___)| |_)| | | | | || (_| |  ) ) ) )
  '  |____| .__|_| |_|_| |_\__, | / / / /
 =========|_|==============|___/=/_/_/_/
 :: Spring Boot ::                (v3.1.8)

2024-02-29T17:34:02.574-03:00  INFO 7028 --- [           main] f.c.b.r.c.ProductControllerTest          : Starting ProductControllerTest using Java 18.0.2-ea with PID 7028 (started by linux in /home/linux/projetos/lett/register)
2024-02-29T17:34:02.574-03:00  INFO 7028 --- [           main] f.c.b.r.c.ProductControllerTest          : The following 1 profile is active: "test"
2024-02-29T17:34:02.685-03:00  INFO 7028 --- [           main] .s.d.r.c.RepositoryConfigurationDelegate : Bootstrapping Spring Data JPA repositories in DEFAULT mode.
2024-02-29T17:34:02.690-03:00  INFO 7028 --- [           main] .s.d.r.c.RepositoryConfigurationDelegate : Finished Spring Data repository scanning in 4 ms. Found 2 JPA repository interfaces.
2024-02-29T17:34:02.733-03:00  INFO 7028 --- [           main] com.zaxxer.hikari.HikariDataSource       : HikariPool-3 - Starting...
2024-02-29T17:34:02.774-03:00  INFO 7028 --- [           main] com.zaxxer.hikari.pool.HikariPool        : HikariPool-3 - Added connection com.mysql.cj.jdbc.ConnectionImpl@5233b7ad
2024-02-29T17:34:02.775-03:00  INFO 7028 --- [           main] com.zaxxer.hikari.HikariDataSource       : HikariPool-3 - Start completed.
2024-02-29T17:34:02.786-03:00  INFO 7028 --- [           main] liquibase.lockservice                    : Successfully acquired change log lock
2024-02-29T17:34:02.825-03:00  INFO 7028 --- [           main] liquibase.changelog                      : Reading from `food-register-test`.DATABASECHANGELOG
Database is up to date, no changesets to execute
2024-02-29T17:34:02.831-03:00  INFO 7028 --- [           main] liquibase.util                           : UPDATE SUMMARY
2024-02-29T17:34:02.831-03:00  INFO 7028 --- [           main] liquibase.util                           : Run:                          0
2024-02-29T17:34:02.831-03:00  INFO 7028 --- [           main] liquibase.util                           : Previously run:               2
2024-02-29T17:34:02.831-03:00  INFO 7028 --- [           main] liquibase.util                           : Filtered out:                 0
2024-02-29T17:34:02.832-03:00  INFO 7028 --- [           main] liquibase.util                           : -------------------------------
2024-02-29T17:34:02.832-03:00  INFO 7028 --- [           main] liquibase.util                           : Total change sets:            2


UPDATE SUMMARY
Run:                          0
Previously run:               2
Filtered out:                 0
-------------------------------
Total change sets:            2

2024-02-29T17:34:02.832-03:00  INFO 7028 --- [           main] liquibase.util                           : Update summary generated
2024-02-29T17:34:02.835-03:00  INFO 7028 --- [           main] liquibase.lockservice                    : Successfully released change log lock
2024-02-29T17:34:02.837-03:00  INFO 7028 --- [           main] liquibase.lockservice                    : Successfully released change log lock
2024-02-29T17:34:02.837-03:00  INFO 7028 --- [           main] liquibase.command                        : Command execution complete
2024-02-29T17:34:02.854-03:00  INFO 7028 --- [           main] o.hibernate.jpa.internal.util.LogHelper  : HHH000204: Processing PersistenceUnitInfo [name: default]
2024-02-29T17:34:02.857-03:00  INFO 7028 --- [           main] o.s.o.j.p.SpringPersistenceUnitInfo      : No LoadTimeWeaver setup: ignoring JPA class transformer
2024-02-29T17:34:02.858-03:00  WARN 7028 --- [           main] org.hibernate.orm.deprecation            : HHH90000025: MySQL57Dialect does not need to be specified explicitly using 'hibernate.dialect' (remove the property setting and it will be selected by default)
2024-02-29T17:34:02.858-03:00  WARN 7028 --- [           main] org.hibernate.orm.deprecation            : HHH90000026: MySQL57Dialect has been deprecated; use org.hibernate.dialect.MySQLDialect instead
2024-02-29T17:34:02.889-03:00  INFO 7028 --- [           main] o.h.e.t.j.p.i.JtaPlatformInitiator       : HHH000489: No JTA platform available (set 'hibernate.transaction.jta.platform' to enable JTA platform integration)
2024-02-29T17:34:02.889-03:00  INFO 7028 --- [           main] j.LocalContainerEntityManagerFactoryBean : Initialized JPA EntityManagerFactory for persistence unit 'default'
2024-02-29T17:34:02.953-03:00  WARN 7028 --- [           main] JpaBaseConfiguration$JpaWebConfiguration : spring.jpa.open-in-view is enabled by default. Therefore, database queries may be performed during view rendering. Explicitly configure spring.jpa.open-in-view to disable this warning
2024-02-29T17:34:03.012-03:00  INFO 7028 --- [           main] o.s.b.t.m.w.SpringBootMockServletContext : Initializing Spring TestDispatcherServlet ''
2024-02-29T17:34:03.012-03:00  INFO 7028 --- [           main] o.s.t.web.servlet.TestDispatcherServlet  : Initializing Servlet ''
2024-02-29T17:34:03.013-03:00  INFO 7028 --- [           main] o.s.t.web.servlet.TestDispatcherServlet  : Completed initialization in 1 ms
2024-02-29T17:34:03.018-03:00  INFO 7028 --- [           main] f.c.b.r.c.ProductControllerTest          : Started ProductControllerTest in 0.459 seconds (process running for 4.538)
Hibernate: select p1_0.id,p1_0.description,p1_0.id_category,p1_0.status from product p1_0
Hibernate: select p1_0.id,p1_0.description,p1_0.id_category,p1_0.status from product p1_0
Hibernate: insert into product (description,id_category,status) values (?,?,?)
Hibernate: select p1_0.id,p1_0.description,p1_0.id_category,p1_0.status from product p1_0
]]></system-out>
  </testcase>
  <testcase name="shouldDeleteProductWithSucess" classname="food.com.br.register.controller.ProductControllerTest" time="0.029">
    <error message="No value present" type="java.util.NoSuchElementException"><![CDATA[java.util.NoSuchElementException: No value present
	at java.base/java.util.Optional.get(Optional.java:143)
	at food.com.br.register.controller.ProductControllerTest.shouldDeleteProductWithSucess(ProductControllerTest.java:125)
	at java.base/jdk.internal.reflect.DirectMethodHandleAccessor.invoke(DirectMethodHandleAccessor.java:104)
	at java.base/java.lang.reflect.Method.invoke(Method.java:577)
	at org.junit.platform.commons.util.ReflectionUtils.invokeMethod(ReflectionUtils.java:727)
	at org.junit.jupiter.engine.execution.MethodInvocation.proceed(MethodInvocation.java:60)
	at org.junit.jupiter.engine.execution.InvocationInterceptorChain$ValidatingInvocation.proceed(InvocationInterceptorChain.java:131)
	at org.junit.jupiter.engine.extension.TimeoutExtension.intercept(TimeoutExtension.java:156)
	at org.junit.jupiter.engine.extension.TimeoutExtension.interceptTestableMethod(TimeoutExtension.java:147)
	at org.junit.jupiter.engine.extension.TimeoutExtension.interceptTestMethod(TimeoutExtension.java:86)
	at org.junit.jupiter.engine.execution.InterceptingExecutableInvoker$ReflectiveInterceptorCall.lambda$ofVoidMethod$0(InterceptingExecutableInvoker.java:103)
	at org.junit.jupiter.engine.execution.InterceptingExecutableInvoker.lambda$invoke$0(InterceptingExecutableInvoker.java:93)
	at org.junit.jupiter.engine.execution.InvocationInterceptorChain$InterceptedInvocation.proceed(InvocationInterceptorChain.java:106)
	at org.junit.jupiter.engine.execution.InvocationInterceptorChain.proceed(InvocationInterceptorChain.java:64)
	at org.junit.jupiter.engine.execution.InvocationInterceptorChain.chainAndInvoke(InvocationInterceptorChain.java:45)
	at org.junit.jupiter.engine.execution.InvocationInterceptorChain.invoke(InvocationInterceptorChain.java:37)
	at org.junit.jupiter.engine.execution.InterceptingExecutableInvoker.invoke(InterceptingExecutableInvoker.java:92)
	at org.junit.jupiter.engine.execution.InterceptingExecutableInvoker.invoke(InterceptingExecutableInvoker.java:86)
	at org.junit.jupiter.engine.descriptor.TestMethodTestDescriptor.lambda$invokeTestMethod$7(TestMethodTestDescriptor.java:217)
	at org.junit.platform.engine.support.hierarchical.ThrowableCollector.execute(ThrowableCollector.java:73)
	at org.junit.jupiter.engine.descriptor.TestMethodTestDescriptor.invokeTestMethod(TestMethodTestDescriptor.java:213)
	at org.junit.jupiter.engine.descriptor.TestMethodTestDescriptor.execute(TestMethodTestDescriptor.java:138)
	at org.junit.jupiter.engine.descriptor.TestMethodTestDescriptor.execute(TestMethodTestDescriptor.java:68)
	at org.junit.platform.engine.support.hierarchical.NodeTestTask.lambda$executeRecursively$6(NodeTestTask.java:151)
	at org.junit.platform.engine.support.hierarchical.ThrowableCollector.execute(ThrowableCollector.java:73)
	at org.junit.platform.engine.support.hierarchical.NodeTestTask.lambda$executeRecursively$8(NodeTestTask.java:141)
	at org.junit.platform.engine.support.hierarchical.Node.around(Node.java:137)
	at org.junit.platform.engine.support.hierarchical.NodeTestTask.lambda$executeRecursively$9(NodeTestTask.java:139)
	at org.junit.platform.engine.support.hierarchical.ThrowableCollector.execute(ThrowableCollector.java:73)
	at org.junit.platform.engine.support.hierarchical.NodeTestTask.executeRecursively(NodeTestTask.java:138)
	at org.junit.platform.engine.support.hierarchical.NodeTestTask.execute(NodeTestTask.java:95)
	at java.base/java.util.ArrayList.forEach(ArrayList.java:1511)
	at org.junit.platform.engine.support.hierarchical.SameThreadHierarchicalTestExecutorService.invokeAll(SameThreadHierarchicalTestExecutorService.java:41)
	at org.junit.platform.engine.support.hierarchical.NodeTestTask.lambda$executeRecursively$6(NodeTestTask.java:155)
	at org.junit.platform.engine.support.hierarchical.ThrowableCollector.execute(ThrowableCollector.java:73)
	at org.junit.platform.engine.support.hierarchical.NodeTestTask.lambda$executeRecursively$8(NodeTestTask.java:141)
	at org.junit.platform.engine.support.hierarchical.Node.around(Node.java:137)
	at org.junit.platform.engine.support.hierarchical.NodeTestTask.lambda$executeRecursively$9(NodeTestTask.java:139)
	at org.junit.platform.engine.support.hierarchical.ThrowableCollector.execute(ThrowableCollector.java:73)
	at org.junit.platform.engine.support.hierarchical.NodeTestTask.executeRecursively(NodeTestTask.java:138)
	at org.junit.platform.engine.support.hierarchical.NodeTestTask.execute(NodeTestTask.java:95)
	at java.base/java.util.ArrayList.forEach(ArrayList.java:1511)
	at org.junit.platform.engine.support.hierarchical.SameThreadHierarchicalTestExecutorService.invokeAll(SameThreadHierarchicalTestExecutorService.java:41)
	at org.junit.platform.engine.support.hierarchical.NodeTestTask.lambda$executeRecursively$6(NodeTestTask.java:155)
	at org.junit.platform.engine.support.hierarchical.ThrowableCollector.execute(ThrowableCollector.java:73)
	at org.junit.platform.engine.support.hierarchical.NodeTestTask.lambda$executeRecursively$8(NodeTestTask.java:141)
	at org.junit.platform.engine.support.hierarchical.Node.around(Node.java:137)
	at org.junit.platform.engine.support.hierarchical.NodeTestTask.lambda$executeRecursively$9(NodeTestTask.java:139)
	at org.junit.platform.engine.support.hierarchical.ThrowableCollector.execute(ThrowableCollector.java:73)
	at org.junit.platform.engine.support.hierarchical.NodeTestTask.executeRecursively(NodeTestTask.java:138)
	at org.junit.platform.engine.support.hierarchical.NodeTestTask.execute(NodeTestTask.java:95)
	at org.junit.platform.engine.support.hierarchical.SameThreadHierarchicalTestExecutorService.submit(SameThreadHierarchicalTestExecutorService.java:35)
	at org.junit.platform.engine.support.hierarchical.HierarchicalTestExecutor.execute(HierarchicalTestExecutor.java:57)
	at org.junit.platform.engine.support.hierarchical.HierarchicalTestEngine.execute(HierarchicalTestEngine.java:54)
	at org.junit.platform.launcher.core.EngineExecutionOrchestrator.execute(EngineExecutionOrchestrator.java:147)
	at org.junit.platform.launcher.core.EngineExecutionOrchestrator.execute(EngineExecutionOrchestrator.java:127)
	at org.junit.platform.launcher.core.EngineExecutionOrchestrator.execute(EngineExecutionOrchestrator.java:90)
	at org.junit.platform.launcher.core.EngineExecutionOrchestrator.lambda$execute$0(EngineExecutionOrchestrator.java:55)
	at org.junit.platform.launcher.core.EngineExecutionOrchestrator.withInterceptedStreams(EngineExecutionOrchestrator.java:102)
	at org.junit.platform.launcher.core.EngineExecutionOrchestrator.execute(EngineExecutionOrchestrator.java:54)
	at org.junit.platform.launcher.core.DefaultLauncher.execute(DefaultLauncher.java:114)
	at org.junit.platform.launcher.core.DefaultLauncher.execute(DefaultLauncher.java:86)
	at org.junit.platform.launcher.core.DefaultLauncherSession$DelegatingLauncher.execute(DefaultLauncherSession.java:86)
	at org.apache.maven.surefire.junitplatform.LazyLauncher.execute(LazyLauncher.java:50)
	at org.apache.maven.surefire.junitplatform.JUnitPlatformProvider.execute(JUnitPlatformProvider.java:184)
	at org.apache.maven.surefire.junitplatform.JUnitPlatformProvider.invokeAllTests(JUnitPlatformProvider.java:148)
	at org.apache.maven.surefire.junitplatform.JUnitPlatformProvider.invoke(JUnitPlatformProvider.java:122)
	at org.apache.maven.surefire.booter.ForkedBooter.runSuitesInProcess(ForkedBooter.java:385)
	at org.apache.maven.surefire.booter.ForkedBooter.execute(ForkedBooter.java:162)
	at org.apache.maven.surefire.booter.ForkedBooter.run(ForkedBooter.java:507)
	at org.apache.maven.surefire.booter.ForkedBooter.main(ForkedBooter.java:495)
]]></error>
    <system-out><![CDATA[Hibernate: select p1_0.id,p1_0.description,p1_0.id_category,p1_0.status from product p1_0
Hibernate: delete from product where id=?
Hibernate: select p1_0.id,p1_0.description,p1_0.id_category,p1_0.status from product p1_0
Hibernate: insert into product (description,id_category,status) values (?,?,?)
Hibernate: select p1_0.id,p1_0.description,p1_0.id_category,p1_0.status from product p1_0 where p1_0.id=?
Hibernate: select p1_0.id,p1_0.description,p1_0.id_category,p1_0.status from product p1_0 where p1_0.id=?
Hibernate: delete from product where id=?
Hibernate: select p1_0.id,p1_0.description,p1_0.id_category,p1_0.status from product p1_0 where p1_0.id=?

MockHttpServletRequest:
      HTTP Method = DELETE
      Request URI = /product/270
       Parameters = {}
          Headers = [Content-Type:"application/json;charset=UTF-8", Accept:"application/json"]
             Body = null
    Session Attrs = {}

Handler:
             Type = food.com.br.register.controller.ProductController
           Method = food.com.br.register.controller.ProductController#delete(Long)

Async:
    Async started = false
     Async result = null

Resolved Exception:
             Type = null

ModelAndView:
        View name = null
             View = null
            Model = null

FlashMap:
       Attributes = null

MockHttpServletResponse:
           Status = 204
    Error message = null
          Headers = []
     Content type = null
             Body = 
    Forwarded URL = null
   Redirected URL = null
          Cookies = []
]]></system-out>
  </testcase>
  <testcase name="shouldReturnAllProducts" classname="food.com.br.register.controller.ProductControllerTest" time="0.033">
    <system-out><![CDATA[Hibernate: select p1_0.id,p1_0.description,p1_0.id_category,p1_0.status from product p1_0
Hibernate: select p1_0.id,p1_0.description,p1_0.id_category,p1_0.status from product p1_0 where p1_0.id=?
Hibernate: insert into product (description,id_category,status) values (?,?,?)
Hibernate: select p1_0.id,p1_0.description,p1_0.id_category,p1_0.status from product p1_0 where p1_0.id=?
Hibernate: insert into product (description,id_category,status) values (?,?,?)
Hibernate: select p1_0.id,p1_0.description,p1_0.id_category,p1_0.status from product p1_0 where p1_0.id=?
Hibernate: insert into product (description,id_category,status) values (?,?,?)
Hibernate: select p1_0.id,p1_0.description,p1_0.id_category,p1_0.status from product p1_0 where p1_0.id=?
Hibernate: insert into product (description,id_category,status) values (?,?,?)
Hibernate: select p1_0.id,p1_0.description,p1_0.id_category,p1_0.status from product p1_0 where p1_0.id=?
Hibernate: insert into product (description,id_category,status) values (?,?,?)
Hibernate: select p1_0.id,p1_0.description,p1_0.id_category,p1_0.status from product p1_0 where p1_0.id=?
Hibernate: insert into product (description,id_category,status) values (?,?,?)
Hibernate: select p1_0.id,p1_0.description,p1_0.id_category,p1_0.status from product p1_0 where p1_0.id=?
Hibernate: insert into product (description,id_category,status) values (?,?,?)
Hibernate: select p1_0.id,p1_0.description,p1_0.id_category,p1_0.status from product p1_0 where p1_0.id=?
Hibernate: insert into product (description,id_category,status) values (?,?,?)
Hibernate: select p1_0.id,p1_0.description,p1_0.id_category,p1_0.status from product p1_0 limit ?,?
]]></system-out>
  </testcase>
  <testcase name="shouldEditProductWithSucess" classname="food.com.br.register.controller.ProductControllerTest" time="0.024">
    <system-out><![CDATA[Hibernate: select p1_0.id,p1_0.description,p1_0.id_category,p1_0.status from product p1_0
Hibernate: delete from product where id=?
Hibernate: delete from product where id=?
Hibernate: delete from product where id=?
Hibernate: delete from product where id=?
Hibernate: delete from product where id=?
Hibernate: delete from product where id=?
Hibernate: delete from product where id=?
Hibernate: delete from product where id=?
Hibernate: select p1_0.id,p1_0.description,p1_0.id_category,p1_0.status from product p1_0
Hibernate: insert into product (description,id_category,status) values (?,?,?)
Hibernate: select p1_0.id,p1_0.description,p1_0.id_category,p1_0.status from product p1_0 where p1_0.id=?
Hibernate: update product set description=?,id_category=?,status=? where id=?
]]></system-out>
  </testcase>
</testsuite>